<?xml version="1.0" encoding="UTF-8"?>
<testng-results ignored="0" total="1" passed="1" failed="0" skipped="0">
  <reporter-output>
  </reporter-output>
  <suite started-at="2021-04-20T15:53:50 IST" name="Suite" finished-at="2021-04-20T15:54:06 IST" duration-ms="16220">
    <groups>
    </groups>
    <test started-at="2021-04-20T15:53:50 IST" name="Test" finished-at="2021-04-20T15:54:06 IST" duration-ms="16220">
      <class name="TestScriptZenq.TestScriptZenq.AppTest">
        <test-method signature="testing()[pri:0, instance:TestScriptZenq.TestScriptZenq.AppTest@2bfc268b]" started-at="2021-04-20T15:53:50 IST" name="testing" finished-at="2021-04-20T15:54:06 IST" duration-ms="16166" status="PASS">
          <reporter-output>
          </reporter-output>
        </test-method> <!-- testing -->
      </class> <!-- TestScriptZenq.TestScriptZenq.AppTest -->
    </test> <!-- Test -->
  </suite> <!-- Suite -->
</testng-results>
